This is pdfTeX, Version 3.14159265-2.6-1.40.19 (MiKTeX 2.9.6840) (preloaded format=pdflatex 2018.9.17)  25 NOV 2018 10:01
entering extended mode
**./NornsDoc.tex
(NornsDoc.tex
LaTeX2e <2018-04-01> patch level 5
(/home/richard/.miktex/texmfs/install/tex/latex/base/article.cls
Document Class: article 2014/09/29 v1.4h Standard LaTeX document class
(/home/richard/.miktex/texmfs/install/tex/latex/base/size12.clo
File: size12.clo 2014/09/29 v1.4h Standard LaTeX file (size option)
)
\c@part=\count80
\c@section=\count81
\c@subsection=\count82
\c@subsubsection=\count83
\c@paragraph=\count84
\c@subparagraph=\count85
\c@figure=\count86
\c@table=\count87
\abovecaptionskip=\skip41
\belowcaptionskip=\skip42
\bibindent=\dimen102
)
(/home/richard/.miktex/texmfs/install/tex/latex/geometry/geometry.sty
Package: geometry 2018/04/16 v5.8 Page Geometry

(/home/richard/.miktex/texmfs/install/tex/latex/graphics/keyval.sty
Package: keyval 2014/10/28 v1.15 key=value parser (DPC)
\KV@toks@=\toks14
)
(/home/richard/.miktex/texmfs/install/tex/generic/oberdiek/ifpdf.sty
Package: ifpdf 2018/09/07 v3.3 Provides the ifpdf switch
)
(/home/richard/.miktex/texmfs/install/tex/generic/oberdiek/ifvtex.sty
Package: ifvtex 2016/05/16 v1.6 Detect VTeX and its facilities (HO)
Package ifvtex Info: VTeX not detected.
)
(/home/richard/.miktex/texmfs/install/tex/generic/ifxetex/ifxetex.sty
Package: ifxetex 2010/09/12 v0.6 Provides ifxetex conditional
)
\Gm@cnth=\count88
\Gm@cntv=\count89
\c@Gm@tempcnt=\count90
\Gm@bindingoffset=\dimen103
\Gm@wd@mp=\dimen104
\Gm@odd@mp=\dimen105
\Gm@even@mp=\dimen106
\Gm@layoutwidth=\dimen107
\Gm@layoutheight=\dimen108
\Gm@layouthoffset=\dimen109
\Gm@layoutvoffset=\dimen110
\Gm@dimlist=\toks15

(/home/richard/.miktex/texmfs/install/tex/latex/geometry/geometry.cfg))
(/home/richard/.miktex/texmfs/install/tex/latex/base/inputenc.sty
Package: inputenc 2018/04/06 v1.3b Input encoding file
\inpenc@prehook=\toks16
\inpenc@posthook=\toks17
)
(/home/richard/.miktex/texmfs/install/tex/latex/base/fontenc.sty
Package: fontenc 2017/04/05 v2.0i Standard LaTeX package

(/home/richard/.miktex/texmfs/install/tex/latex/base/t1enc.def
File: t1enc.def 2017/04/05 v2.0i Standard LaTeX file
LaTeX Font Info:    Redeclaring font encoding T1 on input line 48.
))
(/home/richard/.miktex/texmfs/install/tex/latex/stix/stix.sty
Package: stix 2018/04/17 v1.1.3-latex STIX fonts support package

(/home/richard/.miktex/texmfs/install/tex/latex/base/textcomp.sty
Package: textcomp 2017/04/05 v2.0i Standard LaTeX package
Package textcomp Info: Sub-encoding information:
(textcomp)               5 = only ISO-Adobe without \textcurrency
(textcomp)               4 = 5 + \texteuro
(textcomp)               3 = 4 + \textohm
(textcomp)               2 = 3 + \textestimated + \textcurrency
(textcomp)               1 = TS1 - \textcircled - \t
(textcomp)               0 = TS1 (full)
(textcomp)             Font families with sub-encoding setting implement
(textcomp)             only a restricted character set as indicated.
(textcomp)             Family '?' is the default used for unknown fonts.
(textcomp)             See the documentation for details.
Package textcomp Info: Setting ? sub-encoding to TS1/1 on input line 79.
Package textcomp Info: Changing ? sub-encoding to TS1/0 on input line 80.

(/home/richard/.miktex/texmfs/install/tex/latex/base/ts1enc.def
File: ts1enc.def 2001/06/05 v3.0e (jk/car/fm) Standard LaTeX file
Now handling font encoding TS1 ...
... processing UTF-8 mapping file for font encoding TS1

(/home/richard/.miktex/texmfs/install/tex/latex/base/ts1enc.dfu
File: ts1enc.dfu 2018/04/05 v1.2c UTF-8 support for inputenc
   defining Unicode char U+00A2 (decimal 162)
   defining Unicode char U+00A3 (decimal 163)
   defining Unicode char U+00A4 (decimal 164)
   defining Unicode char U+00A5 (decimal 165)
   defining Unicode char U+00A6 (decimal 166)
   defining Unicode char U+00A7 (decimal 167)
   defining Unicode char U+00A8 (decimal 168)
   defining Unicode char U+00A9 (decimal 169)
   defining Unicode char U+00AA (decimal 170)
   defining Unicode char U+00AC (decimal 172)
   defining Unicode char U+00AE (decimal 174)
   defining Unicode char U+00AF (decimal 175)
   defining Unicode char U+00B0 (decimal 176)
   defining Unicode char U+00B1 (decimal 177)
   defining Unicode char U+00B2 (decimal 178)
   defining Unicode char U+00B3 (decimal 179)
   defining Unicode char U+00B4 (decimal 180)
   defining Unicode char U+00B5 (decimal 181)
   defining Unicode char U+00B6 (decimal 182)
   defining Unicode char U+00B7 (decimal 183)
   defining Unicode char U+00B9 (decimal 185)
   defining Unicode char U+00BA (decimal 186)
   defining Unicode char U+00BC (decimal 188)
   defining Unicode char U+00BD (decimal 189)
   defining Unicode char U+00BE (decimal 190)
   defining Unicode char U+00D7 (decimal 215)
   defining Unicode char U+00F7 (decimal 247)
   defining Unicode char U+0192 (decimal 402)
   defining Unicode char U+02C7 (decimal 711)
   defining Unicode char U+02D8 (decimal 728)
   defining Unicode char U+02DD (decimal 733)
   defining Unicode char U+0E3F (decimal 3647)
   defining Unicode char U+2016 (decimal 8214)
   defining Unicode char U+2020 (decimal 8224)
   defining Unicode char U+2021 (decimal 8225)
   defining Unicode char U+2022 (decimal 8226)
   defining Unicode char U+2030 (decimal 8240)
   defining Unicode char U+2031 (decimal 8241)
   defining Unicode char U+203B (decimal 8251)
   defining Unicode char U+203D (decimal 8253)
   defining Unicode char U+2044 (decimal 8260)
   defining Unicode char U+204E (decimal 8270)
   defining Unicode char U+2052 (decimal 8274)
   defining Unicode char U+20A1 (decimal 8353)
   defining Unicode char U+20A4 (decimal 8356)
   defining Unicode char U+20A6 (decimal 8358)
   defining Unicode char U+20A9 (decimal 8361)
   defining Unicode char U+20AB (decimal 8363)
   defining Unicode char U+20AC (decimal 8364)
   defining Unicode char U+20B1 (decimal 8369)
   defining Unicode char U+2103 (decimal 8451)
   defining Unicode char U+2116 (decimal 8470)
   defining Unicode char U+2117 (decimal 8471)
   defining Unicode char U+211E (decimal 8478)
   defining Unicode char U+2120 (decimal 8480)
   defining Unicode char U+2122 (decimal 8482)
   defining Unicode char U+2126 (decimal 8486)
   defining Unicode char U+2127 (decimal 8487)
   defining Unicode char U+212E (decimal 8494)
   defining Unicode char U+2190 (decimal 8592)
   defining Unicode char U+2191 (decimal 8593)
   defining Unicode char U+2192 (decimal 8594)
   defining Unicode char U+2193 (decimal 8595)
   defining Unicode char U+2329 (decimal 9001)
   defining Unicode char U+232A (decimal 9002)
   defining Unicode char U+2422 (decimal 9250)
   defining Unicode char U+25E6 (decimal 9702)
   defining Unicode char U+25EF (decimal 9711)
   defining Unicode char U+266A (decimal 9834)
   defining Unicode char U+FEFF (decimal 65279)
))
LaTeX Info: Redefining \oldstylenums on input line 334.
Package textcomp Info: Setting cmr sub-encoding to TS1/0 on input line 349.
Package textcomp Info: Setting cmss sub-encoding to TS1/0 on input line 350.
Package textcomp Info: Setting cmtt sub-encoding to TS1/0 on input line 351.
Package textcomp Info: Setting cmvtt sub-encoding to TS1/0 on input line 352.
Package textcomp Info: Setting cmbr sub-encoding to TS1/0 on input line 353.
Package textcomp Info: Setting cmtl sub-encoding to TS1/0 on input line 354.
Package textcomp Info: Setting ccr sub-encoding to TS1/0 on input line 355.
Package textcomp Info: Setting ptm sub-encoding to TS1/4 on input line 356.
Package textcomp Info: Setting pcr sub-encoding to TS1/4 on input line 357.
Package textcomp Info: Setting phv sub-encoding to TS1/4 on input line 358.
Package textcomp Info: Setting ppl sub-encoding to TS1/3 on input line 359.
Package textcomp Info: Setting pag sub-encoding to TS1/4 on input line 360.
Package textcomp Info: Setting pbk sub-encoding to TS1/4 on input line 361.
Package textcomp Info: Setting pnc sub-encoding to TS1/4 on input line 362.
Package textcomp Info: Setting pzc sub-encoding to TS1/4 on input line 363.
Package textcomp Info: Setting bch sub-encoding to TS1/4 on input line 364.
Package textcomp Info: Setting put sub-encoding to TS1/5 on input line 365.
Package textcomp Info: Setting uag sub-encoding to TS1/5 on input line 366.
Package textcomp Info: Setting ugq sub-encoding to TS1/5 on input line 367.
Package textcomp Info: Setting ul8 sub-encoding to TS1/4 on input line 368.
Package textcomp Info: Setting ul9 sub-encoding to TS1/4 on input line 369.
Package textcomp Info: Setting augie sub-encoding to TS1/5 on input line 370.
Package textcomp Info: Setting dayrom sub-encoding to TS1/3 on input line 371.
Package textcomp Info: Setting dayroms sub-encoding to TS1/3 on input line 372.

Package textcomp Info: Setting pxr sub-encoding to TS1/0 on input line 373.
Package textcomp Info: Setting pxss sub-encoding to TS1/0 on input line 374.
Package textcomp Info: Setting pxtt sub-encoding to TS1/0 on input line 375.
Package textcomp Info: Setting txr sub-encoding to TS1/0 on input line 376.
Package textcomp Info: Setting txss sub-encoding to TS1/0 on input line 377.
Package textcomp Info: Setting txtt sub-encoding to TS1/0 on input line 378.
Package textcomp Info: Setting lmr sub-encoding to TS1/0 on input line 379.
Package textcomp Info: Setting lmdh sub-encoding to TS1/0 on input line 380.
Package textcomp Info: Setting lmss sub-encoding to TS1/0 on input line 381.
Package textcomp Info: Setting lmssq sub-encoding to TS1/0 on input line 382.
Package textcomp Info: Setting lmvtt sub-encoding to TS1/0 on input line 383.
Package textcomp Info: Setting lmtt sub-encoding to TS1/0 on input line 384.
Package textcomp Info: Setting qhv sub-encoding to TS1/0 on input line 385.
Package textcomp Info: Setting qag sub-encoding to TS1/0 on input line 386.
Package textcomp Info: Setting qbk sub-encoding to TS1/0 on input line 387.
Package textcomp Info: Setting qcr sub-encoding to TS1/0 on input line 388.
Package textcomp Info: Setting qcs sub-encoding to TS1/0 on input line 389.
Package textcomp Info: Setting qpl sub-encoding to TS1/0 on input line 390.
Package textcomp Info: Setting qtm sub-encoding to TS1/0 on input line 391.
Package textcomp Info: Setting qzc sub-encoding to TS1/0 on input line 392.
Package textcomp Info: Setting qhvc sub-encoding to TS1/0 on input line 393.
Package textcomp Info: Setting futs sub-encoding to TS1/4 on input line 394.
Package textcomp Info: Setting futx sub-encoding to TS1/4 on input line 395.
Package textcomp Info: Setting futj sub-encoding to TS1/4 on input line 396.
Package textcomp Info: Setting hlh sub-encoding to TS1/3 on input line 397.
Package textcomp Info: Setting hls sub-encoding to TS1/3 on input line 398.
Package textcomp Info: Setting hlst sub-encoding to TS1/3 on input line 399.
Package textcomp Info: Setting hlct sub-encoding to TS1/5 on input line 400.
Package textcomp Info: Setting hlx sub-encoding to TS1/5 on input line 401.
Package textcomp Info: Setting hlce sub-encoding to TS1/5 on input line 402.
Package textcomp Info: Setting hlcn sub-encoding to TS1/5 on input line 403.
Package textcomp Info: Setting hlcw sub-encoding to TS1/5 on input line 404.
Package textcomp Info: Setting hlcf sub-encoding to TS1/5 on input line 405.
Package textcomp Info: Setting pplx sub-encoding to TS1/3 on input line 406.
Package textcomp Info: Setting pplj sub-encoding to TS1/3 on input line 407.
Package textcomp Info: Setting ptmx sub-encoding to TS1/4 on input line 408.
Package textcomp Info: Setting ptmj sub-encoding to TS1/4 on input line 409.
)
Now handling font encoding LS1 ...
... no UTF-8 mapping file for font encoding LS1
Now handling font encoding LS2 ...
... no UTF-8 mapping file for font encoding LS2
LaTeX Font Info:    Redeclaring symbol font `letters' on input line 76.
LaTeX Font Info:    Encoding `OML' has changed to `LS1' for symbol font
(Font)              `letters' in the math version `normal' on input line 76.
LaTeX Font Info:    Overwriting symbol font `letters' in version `normal'
(Font)                  OML/cmm/m/it --> LS1/stix/m/it on input line 76.
LaTeX Font Info:    Encoding `OML' has changed to `LS1' for symbol font
(Font)              `letters' in the math version `bold' on input line 76.
LaTeX Font Info:    Overwriting symbol font `letters' in version `bold'
(Font)                  OML/cmm/b/it --> LS1/stix/m/it on input line 76.
LaTeX Font Info:    Redeclaring symbol font `operators' on input line 77.
LaTeX Font Info:    Encoding `OT1' has changed to `LS1' for symbol font
(Font)              `operators' in the math version `normal' on input line 77.
LaTeX Font Info:    Overwriting symbol font `operators' in version `normal'
(Font)                  OT1/cmr/m/n --> LS1/stix/m/n on input line 77.
LaTeX Font Info:    Encoding `OT1' has changed to `LS1' for symbol font
(Font)              `operators' in the math version `bold' on input line 77.
LaTeX Font Info:    Overwriting symbol font `operators' in version `bold'
(Font)                  OT1/cmr/bx/n --> LS1/stix/m/n on input line 77.
\symbold-operators=\mathgroup4
LaTeX Font Info:    Redeclaring symbol font `symbols' on input line 79.
LaTeX Font Info:    Encoding `OMS' has changed to `LS1' for symbol font
(Font)              `symbols' in the math version `normal' on input line 79.
LaTeX Font Info:    Overwriting symbol font `symbols' in version `normal'
(Font)                  OMS/cmsy/m/n --> LS1/stixscr/m/n on input line 79.
LaTeX Font Info:    Encoding `OMS' has changed to `LS1' for symbol font
(Font)              `symbols' in the math version `bold' on input line 79.
LaTeX Font Info:    Overwriting symbol font `symbols' in version `bold'
(Font)                  OMS/cmsy/b/n --> LS1/stixscr/m/n on input line 79.
\symsymbols2=\mathgroup5
\symsymbols3=\mathgroup6
\symsymbols4=\mathgroup7
\symintegrals=\mathgroup8
LaTeX Font Info:    Redeclaring symbol font `largesymbols' on input line 84.
LaTeX Font Info:    Encoding `OMX' has changed to `LS2' for symbol font
(Font)              `largesymbols' in the math version `normal' on input line 8
4.
LaTeX Font Info:    Overwriting symbol font `largesymbols' in version `normal'
(Font)                  OMX/cmex/m/n --> LS2/stixex/m/n on input line 84.
LaTeX Font Info:    Encoding `OMX' has changed to `LS2' for symbol font
(Font)              `largesymbols' in the math version `bold' on input line 84.

LaTeX Font Info:    Overwriting symbol font `largesymbols' in version `bold'
(Font)                  OMX/cmex/m/n --> LS2/stixex/m/n on input line 84.
\symarrows1=\mathgroup9
\symarrows2=\mathgroup10
\symarrows3=\mathgroup11
LaTeX Font Info:    Overwriting symbol font `letters' in version `bold'
(Font)                  LS1/stix/m/it --> LS1/stix/b/it on input line 88.
LaTeX Font Info:    Overwriting symbol font `operators' in version `bold'
(Font)                  LS1/stix/m/n --> LS1/stix/b/n on input line 89.
LaTeX Font Info:    Overwriting symbol font `symbols' in version `bold'
(Font)                  LS1/stixscr/m/n --> LS1/stixscr/b/n on input line 90.
LaTeX Font Info:    Overwriting symbol font `symbols2' in version `bold'
(Font)                  LS1/stixfrak/m/n --> LS1/stixfrak/b/n on input line 91.

LaTeX Font Info:    Overwriting symbol font `symbols3' in version `bold'
(Font)                  LS1/stixbb/m/n --> LS1/stixbb/b/n on input line 92.
LaTeX Font Info:    Overwriting symbol font `symbols4' in version `bold'
(Font)                  LS1/stixbb/m/it --> LS1/stixbb/b/it on input line 93.
LaTeX Font Info:    Overwriting symbol font `integrals' in version `bold'
(Font)                  LS2/stixcal/m/n --> LS2/stixcal/b/n on input line 94.
LaTeX Font Info:    Overwriting symbol font `largesymbols' in version `bold'
(Font)                  LS2/stixex/m/n --> LS2/stixex/b/n on input line 95.
LaTeX Font Info:    Overwriting symbol font `arrows1' in version `bold'
(Font)                  LS1/stixsf/m/n --> LS1/stixsf/b/n on input line 96.
LaTeX Font Info:    Overwriting symbol font `arrows2' in version `bold'
(Font)                  LS1/stixsf/m/it --> LS1/stixsf/b/it on input line 97.
LaTeX Font Info:    Overwriting symbol font `arrows3' in version `bold'
(Font)                  LS2/stixtt/m/n --> LS2/stixtt/b/n on input line 98.
LaTeX Font Info:    Redeclaring math alphabet \mathit on input line 99.
LaTeX Font Info:    Redeclaring math alphabet \mathsf on input line 106.
LaTeX Font Info:    Redeclaring math alphabet \mathtt on input line 108.
LaTeX Font Info:    Redeclaring math alphabet \mathbf on input line 109.
LaTeX Info: Redefining \vdots on input line 1518.
LaTeX Info: Redefining \cdots on input line 1522.
LaTeX Info: Redefining \not on input line 2144.
)
(/home/richard/.miktex/texmfs/install/tex/latex/fancyhdr/fancyhdr.sty
Package: fancyhdr 2017/06/30 v3.9a Extensive control of page headers and footer
s
\f@nch@headwidth=\skip43
\f@nch@O@elh=\skip44
\f@nch@O@erh=\skip45
\f@nch@O@olh=\skip46
\f@nch@O@orh=\skip47
\f@nch@O@elf=\skip48
\f@nch@O@erf=\skip49
\f@nch@O@olf=\skip50
\f@nch@O@orf=\skip51
)
(/home/richard/.miktex/texmfs/install/tex/latex/sectsty/sectsty.sty
Package: sectsty 2002/02/25 v2.0.2 Commands to change all sectional heading sty
les
)
(/home/richard/.miktex/texmfs/install/tex/latex/tools/longtable.sty
Package: longtable 2014/10/28 v4.11 Multi-page Table package (DPC)
\LTleft=\skip52
\LTright=\skip53
\LTpre=\skip54
\LTpost=\skip55
\LTchunksize=\count91
\LTcapwidth=\dimen111
\LT@head=\box26
\LT@firsthead=\box27
\LT@foot=\box28
\LT@lastfoot=\box29
\LT@cols=\count92
\LT@rows=\count93
\c@LT@tables=\count94
\c@LT@chunks=\count95
\LT@p@ftn=\toks18
)
(/home/richard/.miktex/texmfs/install/tex/latex/hanging/hanging.sty
Package: hanging 2009/09/02 v1.2b hanging paragraphs and punctuation
\h@ngcommawd=\skip56
\h@ngfstopwd=\skip57
\h@ngquotewd=\skip58
\h@ngdquotewd=\skip59
\h@ngquerywd=\skip60
\h@ngexclwd=\skip61
\h@ngcolonwd=\skip62
\h@ngscolonwd=\skip63
)
(/home/richard/.miktex/texmfs/install/tex/latex/tools/multicol.sty
Package: multicol 2018/04/20 v1.8s multicolumn formatting (FMi)
\c@tracingmulticols=\count96
\mult@box=\box30
\multicol@leftmargin=\dimen112
\c@unbalance=\count97
\c@collectmore=\count98
\doublecol@number=\count99
\multicoltolerance=\count100
\multicolpretolerance=\count101
\full@width=\dimen113
\page@free=\dimen114
\premulticols=\dimen115
\postmulticols=\dimen116
\multicolsep=\skip64
\multicolbaselineskip=\skip65
\partial@page=\box31
\last@line=\box32
\maxbalancingoverflow=\dimen117
\mult@rightbox=\box33
\mult@grightbox=\box34
\mult@gfirstbox=\box35
\mult@firstbox=\box36
\@tempa=\box37
\@tempa=\box38
\@tempa=\box39
\@tempa=\box40
\@tempa=\box41
\@tempa=\box42
\@tempa=\box43
\@tempa=\box44
\@tempa=\box45
\@tempa=\box46
\@tempa=\box47
\@tempa=\box48
\@tempa=\box49
\@tempa=\box50
\@tempa=\box51
\@tempa=\box52
\@tempa=\box53
\c@columnbadness=\count102
\c@finalcolumnbadness=\count103
\last@try=\dimen118
\multicolovershoot=\dimen119
\multicolundershoot=\dimen120
\mult@nat@firstbox=\box54
\colbreak@box=\box55
\mc@col@check@num=\count104
)
(/home/richard/.miktex/texmfs/install/tex/latex/tools/tabularx.sty
Package: tabularx 2016/02/03 v2.11b `tabularx' package (DPC)

(/home/richard/.miktex/texmfs/install/tex/latex/tools/array.sty
Package: array 2018/04/30 v2.4h Tabular extension package (FMi)
\col@sep=\dimen121
\ar@mcellbox=\box56
\extrarowheight=\dimen122
\NC@list=\toks19
\extratabsurround=\skip66
\backup@length=\skip67
\ar@cellbox=\box57
)
\TX@col@width=\dimen123
\TX@old@table=\dimen124
\TX@old@col=\dimen125
\TX@target=\dimen126
\TX@delta=\dimen127
\TX@cols=\count105
\TX@ftn=\toks20
)
(/home/richard/.miktex/texmfs/install/tex/latex/oberdiek/pdflscape.sty
Package: pdflscape 2016/05/14 v0.11 Display of landscape pages in PDF (HO)

(/home/richard/.miktex/texmfs/install/tex/latex/graphics/lscape.sty
Package: lscape 2000/10/22 v3.01 Landscape Pages (DPC)

(/home/richard/.miktex/texmfs/install/tex/latex/graphics/graphics.sty
Package: graphics 2017/06/25 v1.2c Standard LaTeX Graphics (DPC,SPQR)

(/home/richard/.miktex/texmfs/install/tex/latex/graphics/trig.sty
Package: trig 2016/01/03 v1.10 sin cos tan (DPC)
)
(/home/richard/.miktex/texmfs/install/tex/latex/graphics-cfg/graphics.cfg
File: graphics.cfg 2016/06/04 v1.11 sample graphics configuration
)
Package graphics Info: Driver file: pdftex.def on input line 99.

(/home/richard/.miktex/texmfs/install/tex/latex/graphics-def/pdftex.def
File: pdftex.def 2018/01/08 v1.0l Graphics/color driver for pdftex
)))
Package pdflscape Info: Auto-detected driver: pdftex on input line 81.
)
(/home/richard/.miktex/texmfs/install/tex/latex/float/float.sty
Package: float 2001/11/08 v1.3d Float enhancements (AL)
\c@float@type=\count106
\float@exts=\toks21
\float@box=\box58
\@float@everytoks=\toks22
\@floatcapt=\box59
)
(/home/richard/.miktex/texmfs/install/tex/latex/sidecap/sidecap.sty
Package: sidecap 2003/06/06 v1.6f SideCap Package (RN/HjG)

(/home/richard/.miktex/texmfs/install/tex/latex/base/ifthen.sty
Package: ifthen 2014/09/29 v1.1c Standard LaTeX ifthen package (DPC)
)
\SC@BOXWD=\dimen128
\SC@CAPWD=\dimen129
\SC@tempdima=\dimen130
\SC@tempdimb=\dimen131
\c@SC@C=\count107
\SC@BOX=\box60
)
(/home/richard/.miktex/texmfs/install/tex/latex/xcolor/xcolor.sty
Package: xcolor 2016/05/11 v2.12 LaTeX color extensions (UK)

(/home/richard/.miktex/texmfs/install/tex/latex/graphics-cfg/color.cfg
File: color.cfg 2016/01/02 v1.6 sample color configuration
)
Package xcolor Info: Driver file: pdftex.def on input line 225.

(/home/richard/.miktex/texmfs/install/tex/latex/colortbl/colortbl.sty
Package: colortbl 2018/05/02 v1.0c Color table columns (DPC)
\everycr=\toks23
\minrowclearance=\skip68
)
\rownum=\count108
Package xcolor Info: Model `cmy' substituted by `cmy0' on input line 1348.
Package xcolor Info: Model `hsb' substituted by `rgb' on input line 1352.
Package xcolor Info: Model `RGB' extended on input line 1364.
Package xcolor Info: Model `HTML' substituted by `rgb' on input line 1366.
Package xcolor Info: Model `Hsb' substituted by `hsb' on input line 1367.
Package xcolor Info: Model `tHsb' substituted by `hsb' on input line 1368.
Package xcolor Info: Model `HSB' substituted by `hsb' on input line 1369.
Package xcolor Info: Model `Gray' substituted by `gray' on input line 1370.
Package xcolor Info: Model `wave' substituted by `hsb' on input line 1371.
)
(/home/richard/.miktex/texmfs/install/tex/latex/listings/listings.sty
\lst@mode=\count109
\lst@gtempboxa=\box61
\lst@token=\toks24
\lst@length=\count110
\lst@currlwidth=\dimen132
\lst@column=\count111
\lst@pos=\count112
\lst@lostspace=\dimen133
\lst@width=\dimen134
\lst@newlines=\count113
\lst@lineno=\count114
\lst@maxwidth=\dimen135

(/home/richard/.miktex/texmfs/install/tex/latex/listings/lstmisc.sty
File: lstmisc.sty 2018/09/02 1.7 (Carsten Heinz)
\c@lstnumber=\count115
\lst@skipnumbers=\count116
\lst@framebox=\box62
)
(/home/richard/.miktex/texmfs/install/tex/latex/listings/listings.cfg
File: listings.cfg 2018/09/02 1.7 listings configuration
))
Package: listings 2018/09/02 1.7 (Carsten Heinz)

(/home/richard/.miktex/texmfs/install/tex/latex/graphics/graphicx.sty
Package: graphicx 2017/06/01 v1.1a Enhanced LaTeX Graphics (DPC,SPQR)
\Gin@req@height=\dimen136
\Gin@req@width=\dimen137
)
(/home/richard/.miktex/texmfs/install/tex/latex/listings/lstlang1.sty
File: lstlang1.sty 2018/09/02 1.7 listings language file
)
(NornsDoc.aux)
\openout1 = `NornsDoc.aux'.

LaTeX Font Info:    Checking defaults for OML/cmm/m/it on input line 48.
LaTeX Font Info:    ... okay on input line 48.
LaTeX Font Info:    Checking defaults for T1/cmr/m/n on input line 48.
LaTeX Font Info:    ... okay on input line 48.
LaTeX Font Info:    Checking defaults for OT1/cmr/m/n on input line 48.
LaTeX Font Info:    ... okay on input line 48.
LaTeX Font Info:    Checking defaults for OMS/cmsy/m/n on input line 48.
LaTeX Font Info:    ... okay on input line 48.
LaTeX Font Info:    Checking defaults for OMX/cmex/m/n on input line 48.
LaTeX Font Info:    ... okay on input line 48.
LaTeX Font Info:    Checking defaults for U/cmr/m/n on input line 48.
LaTeX Font Info:    ... okay on input line 48.
LaTeX Font Info:    Checking defaults for TS1/cmr/m/n on input line 48.
LaTeX Font Info:    Try loading font information for TS1+cmr on input line 48.
 (/home/richard/.miktex/texmfs/install/tex/latex/base/ts1cmr.fd
File: ts1cmr.fd 2014/09/29 v2.5h Standard LaTeX font definitions
)
LaTeX Font Info:    ... okay on input line 48.
LaTeX Font Info:    Checking defaults for LS1/stix/m/n on input line 48.
LaTeX Font Info:    Try loading font information for LS1+stix on input line 48.


(/home/richard/.miktex/texmfs/install/tex/latex/stix/ls1stix.fd
File: ls1stix.fd 2015/04/17 v1.1.2-latex STIX LS1 font definitions
)
LaTeX Font Info:    ... okay on input line 48.
LaTeX Font Info:    Checking defaults for LS2/stix/m/n on input line 48.
LaTeX Font Info:    Try loading font information for LS2+stix on input line 48.


(/home/richard/.miktex/texmfs/install/tex/latex/stix/ls2stix.fd
File: ls2stix.fd 2015/04/17 v1.1.2-latex STIX LS2 font definitions
)
LaTeX Font Info:    ... okay on input line 48.
LaTeX Font Info:    Try loading font information for T1+stix on input line 48.

(/home/richard/.miktex/texmfs/install/tex/latex/stix/t1stix.fd
File: t1stix.fd 2015/04/17 v1.1.2-latex STIX T1 font definitions
)
*geometry* driver: auto-detecting
*geometry* detected driver: pdftex
*geometry* verbose mode - [ preamble ] result:
* driver: pdftex
* paper: a4paper
* layout: <same size as paper>
* layoutoffset:(h,v)=(0.0pt,0.0pt)
* modes: 
* h-part:(L,W,R)=(71.13188pt, 455.24411pt, 71.13188pt)
* v-part:(T,H,B)=(71.13188pt, 702.78308pt, 71.13188pt)
* \paperwidth=597.50787pt
* \paperheight=845.04684pt
* \textwidth=455.24411pt
* \textheight=702.78308pt
* \oddsidemargin=-1.1381pt
* \evensidemargin=-1.1381pt
* \topmargin=-38.1381pt
* \headheight=12.0pt
* \headsep=25.0pt
* \topskip=12.0pt
* \footskip=30.0pt
* \marginparwidth=44.0pt
* \marginparsep=10.0pt
* \columnsep=10.0pt
* \skip\footins=10.8pt plus 4.0pt minus 2.0pt
* \hoffset=0.0pt
* \voffset=0.0pt
* \mag=1000
* \@twocolumnfalse
* \@twosidefalse
* \@mparswitchfalse
* \@reversemarginfalse
* (1in=72.27pt=25.4mm, 1cm=28.453pt)

(/home/richard/.miktex/texmfs/install/tex/context/base/supp-pdf.mkii
[Loading MPS to PDF converter (version 2006.09.02).]
\scratchcounter=\count117
\scratchdimen=\dimen138
\scratchbox=\box63
\nofMPsegments=\count118
\nofMParguments=\count119
\everyMPshowfont=\toks25
\MPscratchCnt=\count120
\MPscratchDim=\dimen139
\MPnumerator=\count121
\makeMPintoPDFobject=\count122
\everyMPtoPDFconversion=\toks26
) (/home/richard/.miktex/texmfs/install/tex/latex/oberdiek/epstopdf-base.sty
Package: epstopdf-base 2016/05/15 v2.6 Base part for package epstopdf

(/home/richard/.miktex/texmfs/install/tex/generic/oberdiek/infwarerr.sty
Package: infwarerr 2016/05/16 v1.4 Providing info/warning/error messages (HO)
)
(/home/richard/.miktex/texmfs/install/tex/latex/oberdiek/grfext.sty
Package: grfext 2016/05/16 v1.2 Manage graphics extensions (HO)

(/home/richard/.miktex/texmfs/install/tex/generic/oberdiek/kvdefinekeys.sty
Package: kvdefinekeys 2016/05/16 v1.4 Define keys (HO)

(/home/richard/.miktex/texmfs/install/tex/generic/oberdiek/ltxcmds.sty
Package: ltxcmds 2016/05/16 v1.23 LaTeX kernel commands for general use (HO)
)))
(/home/richard/.miktex/texmfs/install/tex/latex/oberdiek/kvoptions.sty
Package: kvoptions 2016/05/16 v3.12 Key value format for package options (HO)

(/home/richard/.miktex/texmfs/install/tex/generic/oberdiek/kvsetkeys.sty
Package: kvsetkeys 2016/05/16 v1.17 Key value parser (HO)

(/home/richard/.miktex/texmfs/install/tex/generic/oberdiek/etexcmds.sty
Package: etexcmds 2016/05/16 v1.6 Avoid name clashes with e-TeX commands (HO)

(/home/richard/.miktex/texmfs/install/tex/generic/oberdiek/ifluatex.sty
Package: ifluatex 2016/05/16 v1.4 Provides the ifluatex switch (HO)
Package ifluatex Info: LuaTeX not detected.
)
Package etexcmds Info: Could not find \expanded.
(etexcmds)             That can mean that you are not using pdfTeX 1.50 or
(etexcmds)             that some package has redefined \expanded.
(etexcmds)             In the latter case, load this package earlier.
)))
(/home/richard/.miktex/texmfs/install/tex/generic/oberdiek/pdftexcmds.sty
Package: pdftexcmds 2018/09/10 v0.29 Utility functions of pdfTeX for LuaTeX (HO
)
Package pdftexcmds Info: LuaTeX not detected.
Package pdftexcmds Info: \pdf@primitive is available.
Package pdftexcmds Info: \pdf@ifprimitive is available.
Package pdftexcmds Info: \pdfdraftmode found.
)
Package epstopdf-base Info: Redefining graphics rule for `.eps' on input line 4
38.
Package grfext Info: Graphics extension search list:
(grfext)             [.pdf,.png,.jpg,.mps,.jpeg,.jbig2,.jb2,.PDF,.PNG,.JPG,.JPE
G,.JBIG2,.JB2,.eps]
(grfext)             \AppendGraphicsExtensions on input line 456.
)
(/home/richard/.miktex/texmfs/install/tex/latex/ms/ragged2e.sty
Package: ragged2e 2009/05/21 v2.1 ragged2e Package (MS)

(/home/richard/.miktex/texmfs/install/tex/latex/ms/everysel.sty
Package: everysel 2011/10/28 v1.2 EverySelectfont Package (MS)

ABD: EverySelectfont initializing macros
LaTeX Info: Redefining \selectfont on input line 126.
)
\CenteringLeftskip=\skip69
\RaggedLeftLeftskip=\skip70
\RaggedRightLeftskip=\skip71
\CenteringRightskip=\skip72
\RaggedLeftRightskip=\skip73
\RaggedRightRightskip=\skip74
\CenteringParfillskip=\skip75
\RaggedLeftParfillskip=\skip76
\RaggedRightParfillskip=\skip77
\JustifyingParfillskip=\skip78
\CenteringParindent=\skip79
\RaggedLeftParindent=\skip80
\RaggedRightParindent=\skip81
\JustifyingParindent=\skip82
)
\c@lstlisting=\count123
LaTeX Font Info:    Font shape `T1/stix/bx/n' in size <24.88> not available
(Font)              Font shape `T1/stix/b/n' tried instead on input line 65.
 [1

{/home/richard/.miktex/texmfs/data/pdftex/config/pdftex.map}]
LaTeX Font Info:    Font shape `T1/stix/bx/n' in size <17.28> not available
(Font)              Font shape `T1/stix/b/n' tried instead on input line 68.
LaTeX Font Info:    Font shape `T1/stix/bx/sc' in size <17.28> not available
(Font)              Font shape `T1/stix/b/sc' tried instead on input line 68.
LaTeX Font Info:    Try loading font information for TS1+stix on input line 76.


(/home/richard/.miktex/texmfs/install/tex/latex/stix/ts1stix.fd
File: ts1stix.fd 2015/04/17 v1.1.2-latex STIX TS1 font definitions
)
LaTeX Font Info:    Font shape `T1/stix/m/sl' in size <12> not available
(Font)              Font shape `T1/stix/m/it' tried instead on input line 149.


Package Fancyhdr Warning: \headheight is too small (12.0pt): 
 Make it at least 14.49998pt.
 We now make it that large for the rest of the document.
 This may cause the page layout to be inconsistent, however.

[1]
LaTeX Font Info:    Font shape `T1/stix/bx/n' in size <14.4> not available
(Font)              Font shape `T1/stix/b/n' tried instead on input line 152.
LaTeX Font Info:    Font shape `T1/stix/bx/sc' in size <14.4> not available
(Font)              Font shape `T1/stix/b/sc' tried instead on input line 152.
<./Images/useCase.png, id=12, 444.66125pt x 285.065pt>
File: ./Images/useCase.png Graphic file (type png)
<use ./Images/useCase.png>
Package pdftex.def Info: ./Images/useCase.png  used on input line 153.
(pdftex.def)             Requested size: 444.66016pt x 285.0643pt.
LaTeX Font Info:    Font shape `T1/stix/bx/n' in size <12> not available
(Font)              Font shape `T1/stix/b/n' tried instead on input line 158.

Underfull \hbox (badness 1043) in paragraph at lines 167--169
[]|\T1/stix/b/n/12 1.B.1 \T1/stix/m/n/12 Kitudja választani még az \T1/stix/b/n
/12 Open... \T1/stix/m/n/12 pontot is és
 []


Underfull \hbox (badness 1325) in paragraph at lines 175--176
[]|\T1/stix/b/n/12 1.C.1 \T1/stix/m/n/12 Eltudja menteni, az aktuális munka fáj
lt a \T1/stix/b/n/12 Save
 []


Underfull \hbox (badness 1728) in paragraph at lines 177--179
\T1/stix/m/n/12 a fájl, akkor megkérdezi, hogy hova és milyen néven
 []


Underfull \vbox (badness 10000) detected at line 185
 []

[2 <./Images/useCase.png>]
Underfull \hbox (badness 2653) in paragraph at lines 193--194
[]|\T1/stix/b/n/12 1.A.1 \T1/stix/m/n/12 Ha írásvédett a fájl, akkor nem tud be
leírni a
 []


Underfull \vbox (badness 10000) detected at line 195
 []


Underfull \vbox (badness 10000) detected at line 212
 []


Underfull \vbox (badness 10000) detected at line 224
 []


Underfull \hbox (badness 1715) in paragraph at lines 230--231
[]|\T1/stix/m/n/12 Tud választani, hogy a szövegdoboz kinézetén vagy a
 []


Underfull \hbox (badness 10000) in paragraph at lines 234--235
[]|\T1/stix/b/n/12 1.A.2 \T1/stix/m/n/12 Tudja változtatni a szövegdoboz kinéze
tének
 []


Underfull \vbox (badness 10000) detected at line 236
 []

<./Images/Uml.png, id=18, 864.98157pt x 969.6225pt>
File: ./Images/Uml.png Graphic file (type png)
<use ./Images/Uml.png>
Package pdftex.def Info: ./Images/Uml.png  used on input line 239.
(pdftex.def)             Requested size: 455.24411pt x 510.31703pt.
[3] [4 <./Images/Uml.png (PNG copy)>]
Underfull \hbox (badness 1418) in paragraph at lines 244--245
[]|\T1/stix/m/n/12 Ez lényegében csak egy tároló osztály, amely a menü
 []


Underfull \vbox (badness 10000) detected at line 246
 []


Underfull \hbox (badness 7522) in paragraph at lines 264--265
[]|\T1/stix/m/n/12 Ezzel lehet megváltoztattni a szövegmez®be írt kód
 []


Underfull \vbox (badness 10000) detected at line 268
 []

LaTeX Font Info:    Try loading font information for T1+cmtt on input line 271.

(/home/richard/.miktex/texmfs/install/tex/latex/base/t1cmtt.fd
File: t1cmtt.fd 2014/09/29 v2.5h Standard LaTeX font definitions
)
Underfull \vbox (badness 10000) detected at line 299
 []

[5]
LaTeX Font Info:    Font shape `T1/stix/bx/sc' in size <12> not available
(Font)              Font shape `T1/stix/b/sc' tried instead on input line 308.

Underfull \vbox (badness 10000) detected at line 345
 []

[6]
Overfull \hbox (17.19826pt too wide) in paragraph at lines 406--408
\T1/stix/m/n/12 Itt valósul meg az ablak, amelyben kilehet választani, hogy mil
yen bet¶stílust szeretnénk alkalmazni,
 []


Underfull \vbox (badness 10000) detected at line 420
 []

[7]
Underfull \vbox (badness 10000) detected at line 471
 []

[8]
Underfull \vbox (badness 10000) detected at line 496
 []


Underfull \vbox (badness 10000) detected at line 517
 []


Underfull \vbox (badness 10000) detected at line 548
 []

[9] [10]
Underfull \vbox (badness 10000) detected at line 662
 []

[11]
Overfull \hbox (13.35982pt too wide) in paragraph at lines 679--682
\T1/stix/m/n/12 és a megadott fájlból kiolvasva a megfelel® kulcsszavakat tárol
ja. Ebb®l tudunk majd kiegészítéskor
 []


Overfull \hbox (14.2983pt too wide) in paragraph at lines 713--715
\T1/stix/m/n/12 Ilyen kipipálós menüelemek létrehozásához tesz hozzá. Ezek, akk
or jók, mikor több fajta kinézetb®l
 []

[12]
Underfull \vbox (badness 10000) detected at line 744
 []

[13] [14]
<./Images/FileMenu.png, id=58, 127.1952pt x 39.5076pt>
File: ./Images/FileMenu.png Graphic file (type png)
<use ./Images/FileMenu.png>
Package pdftex.def Info: ./Images/FileMenu.png  used on input line 855.
(pdftex.def)             Requested size: 455.24411pt x 141.40915pt.
<./Images/EditMenu.png, id=59, 127.1952pt x 64.5612pt>
File: ./Images/EditMenu.png Graphic file (type png)
<use ./Images/EditMenu.png>
Package pdftex.def Info: ./Images/EditMenu.png  used on input line 864.
(pdftex.def)             Requested size: 455.24411pt x 231.0833pt.

Overfull \hbox (17.62482pt too wide) in paragraph at lines 864--865
[][] 
 []

[15 <./Images/FileMenu.png>]
<./Images/FormatMenu.png, id=64, 127.1952pt x 27.2217pt>
File: ./Images/FormatMenu.png Graphic file (type png)
<use ./Images/FormatMenu.png>
Package pdftex.def Info: ./Images/FormatMenu.png  used on input line 881.
(pdftex.def)             Requested size: 455.24411pt x 97.43428pt.

Overfull \hbox (17.62482pt too wide) in paragraph at lines 881--882
[][] 
 []

<./Images/ViewMenu.png, id=65, 127.1952pt x 30.5943pt>
File: ./Images/ViewMenu.png Graphic file (type png)
<use ./Images/ViewMenu.png>
Package pdftex.def Info: ./Images/ViewMenu.png  used on input line 888.
(pdftex.def)             Requested size: 455.24411pt x 109.50584pt.
<./Images/ViewLookMenu.png, id=66, 127.1952pt x 37.3395pt>
File: ./Images/ViewLookMenu.png Graphic file (type png)
<use ./Images/ViewLookMenu.png>
Package pdftex.def Info: ./Images/ViewLookMenu.png  used on input line 889.
(pdftex.def)             Requested size: 455.24411pt x 133.64885pt.
<./Images/ViewSyntaxMenu.png, id=67, 127.1952pt x 54.9252pt>
File: ./Images/ViewSyntaxMenu.png Graphic file (type png)
<use ./Images/ViewSyntaxMenu.png>
Package pdftex.def Info: ./Images/ViewSyntaxMenu.png  used on input line 890.
(pdftex.def)             Requested size: 455.24411pt x 196.59322pt.
[16 <./Images/EditMenu.png> <./Images/FormatMenu.png>]
<./Images/HelpMenu.png, id=73, 127.1952pt x 28.1853pt>
File: ./Images/HelpMenu.png Graphic file (type png)
<use ./Images/HelpMenu.png>
Package pdftex.def Info: ./Images/HelpMenu.png  used on input line 898.
(pdftex.def)             Requested size: 455.24411pt x 100.88332pt.

Overfull \hbox (17.62482pt too wide) in paragraph at lines 898--899
[][] 
 []

<./Images/OpenFile.png, id=74, 550.055pt x 357.335pt>
File: ./Images/OpenFile.png Graphic file (type png)
<use ./Images/OpenFile.png>
Package pdftex.def Info: ./Images/OpenFile.png  used on input line 904.
(pdftex.def)             Requested size: 455.24411pt x 295.75374pt.

Overfull \hbox (17.62482pt too wide) in paragraph at lines 904--907
[][]
 []


Underfull \hbox (badness 10000) in paragraph at lines 904--907

 []

[17 <./Images/ViewMenu.png> <./Images/ViewLookMenu.png> <./Images/ViewSyntaxMen
u.png> <./Images/HelpMenu.png>]
<./Images/FindMenu.png, id=82, 461.725pt x 180.675pt>
File: ./Images/FindMenu.png Graphic file (type png)
<use ./Images/FindMenu.png>
Package pdftex.def Info: ./Images/FindMenu.png  used on input line 908.
(pdftex.def)             Requested size: 455.24411pt x 178.13821pt.

Overfull \hbox (17.62482pt too wide) in paragraph at lines 908--911
[][]
 []


Underfull \hbox (badness 10000) in paragraph at lines 908--911

 []

<./Images/FindReplace.png, id=83, 451.6875pt x 200.75pt>
File: ./Images/FindReplace.png Graphic file (type png)
<use ./Images/FindReplace.png>
Package pdftex.def Info: ./Images/FindReplace.png  used on input line 912.
(pdftex.def)             Requested size: 455.24411pt x 202.34235pt.

Overfull \hbox (17.62482pt too wide) in paragraph at lines 912--914
[][]
 []


Underfull \hbox (badness 10000) in paragraph at lines 912--914

 []

[18 <./Images/OpenFile.png> <./Images/FindMenu.png>]
<./Images/Font.png, id=90, 401.5pt x 326.21875pt>
File: ./Images/Font.png Graphic file (type png)
<use ./Images/Font.png>
Package pdftex.def Info: ./Images/Font.png  used on input line 915.
(pdftex.def)             Requested size: 455.24411pt x 369.91211pt.

Overfull \hbox (17.62482pt too wide) in paragraph at lines 915--917
[][]
 []


Underfull \hbox (badness 10000) in paragraph at lines 922--923

 []

[19 <./Images/FindReplace.png> <./Images/Font.png>]
<./Images/GTKLook.png, id=96, 529.98pt x 581.17125pt>
File: ./Images/GTKLook.png Graphic file (type png)
<use ./Images/GTKLook.png>
Package pdftex.def Info: ./Images/GTKLook.png  used on input line 924.
(pdftex.def)             Requested size: 455.24411pt x 499.22112pt.

Overfull \hbox (17.62482pt too wide) in paragraph at lines 924--926
[][]
 []


Underfull \hbox (badness 10000) in paragraph at lines 924--926

 []

<./Images/DarkSyntax.png, id=97, 529.98pt x 581.17125pt>
File: ./Images/DarkSyntax.png Graphic file (type png)
<use ./Images/DarkSyntax.png>
Package pdftex.def Info: ./Images/DarkSyntax.png  used on input line 927.
(pdftex.def)             Requested size: 455.24411pt x 499.22112pt.

Overfull \hbox (17.62482pt too wide) in paragraph at lines 927--929
[][]
 []


Underfull \hbox (badness 10000) in paragraph at lines 927--929

 []

[20 <./Images/GTKLook.png>]
<./Images/Folding.png, id=102, 529.98pt x 581.17125pt>
File: ./Images/Folding.png Graphic file (type png)
<use ./Images/Folding.png>
Package pdftex.def Info: ./Images/Folding.png  used on input line 930.
(pdftex.def)             Requested size: 455.24411pt x 499.22112pt.

Overfull \hbox (17.62482pt too wide) in paragraph at lines 930--933
[][]
 []

[21 <./Images/DarkSyntax.png>] [22 <./Images/Folding.png>] [23] (NornsDoc.aux) 
) 
Here is how much of TeX's memory you used:
 7629 strings out of 494891
 100696 string characters out of 3178553
 348429 words of memory out of 3000000
 11117 multiletter control sequences out of 15000+200000
 59086 words of font info for 39 fonts, out of 3000000 for 9000
 0 hyphenation exceptions out of 8191
 41i,12n,43p,277b,1128s stack positions out of 5000i,500n,10000p,200000b,50000s
 </home/richard/.miktex/texmfs/data/fonts/pk/ljfour/jknappen/ec/dpi600/ectt109
5.pk>{/home/richard/.miktex/texmfs/install/fonts/enc/dvips/stix/stix-ts1.enc}{/
home/richard/.miktex/texmfs/install/fonts/enc/dvips/stix/stix-t1.enc}</home/ric
hard/.miktex/texmfs/install/fonts/type1/public/stix/STIXGeneral-Bold.pfb></home
/richard/.miktex/texmfs/install/fonts/type1/public/stix/STIXGeneral-Italic.pfb>
</home/richard/.miktex/texmfs/install/fonts/type1/public/stix/STIXGeneral-Regul
ar.pfb>
Output written on NornsDoc.pdf (24 pages, 645232 bytes).
PDF statistics:
 194 PDF objects out of 1000 (max. 8388607)
 0 named destinations out of 1000 (max. 500000)
 81 words of extra memory for PDF output out of 10000 (max. 10000000)

